# JRE version: OpenJDK Runtime Environment (17.0.7+7) (build 17.0.7+7)
# Java VM: OpenJDK 64-Bit Server VM (17.0.7+7, mixed mode, tiered, compressed oops, compressed class ptrs, g1 gc, linux-amd64)
GC Precious Log:
 CPUs: 8 total, 8 available
 Memory: 15996M
 Large Page Support: Disabled
 NUMA Support: Disabled
 Compressed Oops: Enabled (Zero based)
 Heap Region Size: 2M
 Heap Min Capacity: 8M
 Heap Initial Capacity: 250M
 Heap Max Capacity: 4000M
 Pre-touch: Disabled
 Parallel Workers: 8
 Concurrent Workers: 2
 Concurrent Refinement Workers: 8
 Periodic GC: Disabled
Heap:
 garbage-first heap   total 276480K, used 113411K [0x0000000706000000, 0x0000000800000000)
  region size 2048K, 29 young (59392K), 10 survivors (20480K)
 Metaspace       used 28483K, committed 28864K, reserved 1114112K
  class space    used 2879K, committed 3072K, reserved 1048576K
GC Heap History (16 events):
Event: 0.369 GC heap before
{Heap before GC invocations=0 (full 0):
 garbage-first heap   total 256000K, used 22528K [0x0000000706000000, 0x0000000800000000)
  region size 2048K, 11 young (22528K), 0 survivors (0K)
 Metaspace       used 12950K, committed 13056K, reserved 1114112K
  class space    used 1289K, committed 1344K, reserved 1048576K
}
Event: 0.372 GC heap after
{Heap after GC invocations=1 (full 0):
 garbage-first heap   total 256000K, used 3596K [0x0000000706000000, 0x0000000800000000)
  region size 2048K, 2 young (4096K), 2 survivors (4096K)
 Metaspace       used 12950K, committed 13056K, reserved 1114112K
  class space    used 1289K, committed 1344K, reserved 1048576K
}
Event: 0.617 GC heap before
{Heap before GC invocations=1 (full 0):
 garbage-first heap   total 256000K, used 34316K [0x0000000706000000, 0x0000000800000000)
  region size 2048K, 17 young (34816K), 2 survivors (4096K)
 Metaspace       used 17594K, committed 17792K, reserved 1114112K
  class space    used 1899K, committed 1984K, reserved 1048576K
}
Event: 0.619 GC heap after
{Heap after GC invocations=2 (full 0):
 garbage-first heap   total 256000K, used 5558K [0x0000000706000000, 0x0000000800000000)
  region size 2048K, 2 young (4096K), 2 survivors (4096K)
 Metaspace       used 17594K, committed 17792K, reserved 1114112K
  class space    used 1899K, committed 1984K, reserved 1048576K
}
Event: 1.073 GC heap before
{Heap before GC invocations=2 (full 0):
 garbage-first heap   total 256000K, used 144822K [0x0000000706000000, 0x0000000800000000)
  region size 2048K, 71 young (145408K), 2 survivors (4096K)
 Metaspace       used 21368K, committed 21504K, reserved 1114112K
  class space    used 2218K, committed 2304K, reserved 1048576K
}
Event: 1.084 GC heap after
{Heap after GC invocations=3 (full 0):
 garbage-first heap   total 256000K, used 27319K [0x0000000706000000, 0x0000000800000000)
  region size 2048K, 10 young (20480K), 10 survivors (20480K)
 Metaspace       used 21368K, committed 21504K, reserved 1114112K
  class space    used 2218K, committed 2304K, reserved 1048576K
}
Event: 1.221 GC heap before
{Heap before GC invocations=4 (full 0):
 garbage-first heap   total 110592K, used 86711K [0x0000000706000000, 0x0000000800000000)
  region size 2048K, 40 young (81920K), 10 survivors (20480K)
 Metaspace       used 21775K, committed 22016K, reserved 1114112K
  class space    used 2238K, committed 2368K, reserved 1048576K
}
Event: 1.237 GC heap after
{Heap after GC invocations=5 (full 0):
 garbage-first heap   total 120832K, used 37085K [0x0000000706000000, 0x0000000800000000)
  region size 2048K, 5 young (10240K), 5 survivors (10240K)
 Metaspace       used 21775K, committed 22016K, reserved 1114112K
  class space    used 2238K, committed 2368K, reserved 1048576K
}
Event: 1.243 GC heap before
{Heap before GC invocations=5 (full 0):
 garbage-first heap   total 120832K, used 37085K [0x0000000706000000, 0x0000000800000000)
  region size 2048K, 6 young (12288K), 5 survivors (10240K)
 Metaspace       used 21785K, committed 22016K, reserved 1114112K
  class space    used 2239K, committed 2368K, reserved 1048576K
}
Event: 1.249 GC heap after
{Heap after GC invocations=6 (full 0):
 garbage-first heap   total 120832K, used 38779K [0x0000000706000000, 0x0000000800000000)
  region size 2048K, 1 young (2048K), 1 survivors (2048K)
 Metaspace       used 21785K, committed 22016K, reserved 1114112K
  class space    used 2239K, committed 2368K, reserved 1048576K
}
Event: 1.321 GC heap before
{Heap before GC invocations=6 (full 0):
 garbage-first heap   total 120832K, used 83835K [0x0000000706000000, 0x0000000800000000)
  region size 2048K, 23 young (47104K), 1 survivors (2048K)
 Metaspace       used 21923K, committed 22144K, reserved 1114112K
  class space    used 2241K, committed 2368K, reserved 1048576K
}
Event: 1.326 GC heap after
{Heap after GC invocations=7 (full 0):
 garbage-first heap   total 120832K, used 41710K [0x0000000706000000, 0x0000000800000000)
  region size 2048K, 3 young (6144K), 3 survivors (6144K)
 Metaspace       used 21923K, committed 22144K, reserved 1114112K
  class space    used 2241K, committed 2368K, reserved 1048576K
}
Event: 1.498 GC heap before
{Heap before GC invocations=7 (full 0):
 garbage-first heap   total 120832K, used 86766K [0x0000000706000000, 0x0000000800000000)
  region size 2048K, 25 young (51200K), 3 survivors (6144K)
 Metaspace       used 23851K, committed 24128K, reserved 1114112K
  class space    used 2442K, committed 2560K, reserved 1048576K
}
Event: 1.505 GC heap after
{Heap after GC invocations=8 (full 0):
 garbage-first heap   total 276480K, used 46617K [0x0000000706000000, 0x0000000800000000)
  region size 2048K, 3 young (6144K), 3 survivors (6144K)
 Metaspace       used 23851K, committed 24128K, reserved 1114112K
  class space    used 2442K, committed 2560K, reserved 1048576K
}
Event: 1.894 GC heap before
{Heap before GC invocations=8 (full 0):
 garbage-first heap   total 276480K, used 202265K [0x0000000706000000, 0x0000000800000000)
  region size 2048K, 77 young (157696K), 3 survivors (6144K)
 Metaspace       used 27242K, committed 27584K, reserved 1114112K
  class space    used 2751K, committed 2944K, reserved 1048576K
}
Event: 1.901 GC heap after
{Heap after GC invocations=9 (full 0):
 garbage-first heap   total 276480K, used 76547K [0x0000000706000000, 0x0000000800000000)
  region size 2048K, 10 young (20480K), 10 survivors (20480K)
 Metaspace       used 27242K, committed 27584K, reserved 1114112K
  class space    used 2751K, committed 2944K, reserved 1048576K
}

